<?xml version="1.0" encoding="UTF-8"?>
<testsuite name="co.com.choucair.certification.proyectobase.runners.RunnerTags" tests="0" skipped="0" failures="0" errors="0" timestamp="1970-01-01T00:00:00" hostname="LAPTOP-98M5F7CQ" time="0.0">
  <properties/>
  <system-out><![CDATA[REGISTER BASE STEP LISTENER net.thucydides.core.steps.BaseStepListener@2353fa47

5 Scenarios (?[32m5 passed?[0m)
15 Steps (?[32m15 passed?[0m)
1m51,944s

]]></system-out>
  <system-err><![CDATA[[Test worker] INFO net.thucydides.core.steps.ConsoleLoggingListener - 

-------------------------------------------------------------------------------------
     _______. _______ .______       _______ .__   __.  __  .___________.____    ____ 
    /       ||   ____||   _  \     |   ____||  \ |  | |  | |           |\   \  /   / 
   |   (----`|  |__   |  |_)  |    |  |__   |   \|  | |  | `---|  |----` \   \/   /  
    \   \    |   __|  |      /     |   __|  |  . `  | |  |     |  |       \_    _/   
.----)   |   |  |____ |  |\  \----.|  |____ |  |\   | |  |     |  |         |  |     
|_______/    |_______|| _| `._____||_______||__| \__| |__|     |__|         |__|    
                                                                                     
 News and tutorials at http://www.serenity-bdd.info                                  
 Documentation at https://wakaleo.gitbooks.io/the-serenity-book/content/             
 Join the Serenity Community on Rocket Chat at https://serenity-bdd.rocket.chat      
 Serenity BDD Support and Training at http://serenity-bdd.info/#/trainingandsupport  
 Learn Serenity BDD online at http://serenity-dojo.com                               
-------------------------------------------------------------------------------------

[Test worker] INFO net.thucydides.core.steps.ConsoleLoggingListener - Test Suite Started: Choucair Job Area
[Test worker] WARN net.thucydides.core.steps.BaseStepListener - testStarted: Register in the magneto job area, Checks the behavior of the system when entering numeric characters in the "Name" field./choucair-job-area;register-in-the-magneto-job-area--checks-the-behavior-of-the-system-when-entering-numeric-characters-in-the-"name"-field.
[Test worker] INFO net.thucydides.core.steps.ConsoleLoggingListener - 
 _____ _____ ____ _____   ____ _____  _    ____ _____ _____ ____  
|_   _| ____/ ___|_   _| / ___|_   _|/ \  |  _ \_   _| ____|  _ \ 
  | | |  _| \___ \ | |   \___ \ | | / _ \ | |_) || | |  _| | | | |
  | | | |___ ___) || |    ___) || |/ ___ \|  _ < | | | |___| |_| |
  |_| |_____|____/ |_|   |____/ |_/_/   \_\_| \_\|_| |_____|____/ 
                                                                  

TEST STARTED: Register in the magneto job area, Checks the behavior of the system when entering numeric characters in the "Name" field.
-------------------------------------------------------------------(choucair-job-area;register-in-the-magneto-job-area--checks-the-behavior-of-the-system-when-entering-numeric-characters-in-the-"name"-field.)
[Test worker] WARN net.thucydides.core.steps.BaseStepListener - testStarted: Register in the magneto job area, Check the behavior of the system when an invalid email is entered in the "Email" field./choucair-job-area;register-in-the-magneto-job-area--check-the-behavior-of-the-system-when-an-invalid-email-is-entered-in-the-"email"-field.
[Test worker] INFO net.thucydides.core.steps.ConsoleLoggingListener - 
 _____ _____ ____ _____   ____ _____  _    ____ _____ _____ ____  
|_   _| ____/ ___|_   _| / ___|_   _|/ \  |  _ \_   _| ____|  _ \ 
  | | |  _| \___ \ | |   \___ \ | | / _ \ | |_) || | |  _| | | | |
  | | | |___ ___) || |    ___) || |/ ___ \|  _ < | | | |___| |_| |
  |_| |_____|____/ |_|   |____/ |_/_/   \_\_| \_\|_| |_____|____/ 
                                                                  

TEST STARTED: Register in the magneto job area, Check the behavior of the system when an invalid email is entered in the "Email" field.
-------------------------------------------------------------------(choucair-job-area;register-in-the-magneto-job-area--check-the-behavior-of-the-system-when-an-invalid-email-is-entered-in-the-"email"-field.)
[Test worker] WARN net.thucydides.core.steps.BaseStepListener - testStarted: Register in the magneto job area, Check the behavior of the system when entering a number with alphabetic characters in the "Cellular" field Check the behavior of the system/choucair-job-area;register-in-the-magneto-job-area--check-the-behavior-of-the-system-when-entering-a-number-with-alphabetic-characters-in-the-"cellular"-field-check-the-behavior-of-the-system
[Test worker] INFO net.thucydides.core.steps.ConsoleLoggingListener - 
 _____ _____ ____ _____   ____ _____  _    ____ _____ _____ ____  
|_   _| ____/ ___|_   _| / ___|_   _|/ \  |  _ \_   _| ____|  _ \ 
  | | |  _| \___ \ | |   \___ \ | | / _ \ | |_) || | |  _| | | | |
  | | | |___ ___) || |    ___) || |/ ___ \|  _ < | | | |___| |_| |
  |_| |_____|____/ |_|   |____/ |_/_/   \_\_| \_\|_| |_____|____/ 
                                                                  

TEST STARTED: Register in the magneto job area, Check the behavior of the system when entering a number with alphabetic characters in the "Cellular" field Check the behavior of the system
-------------------------------------------------------------------(choucair-job-area;register-in-the-magneto-job-area--check-the-behavior-of-the-system-when-entering-a-number-with-alphabetic-characters-in-the-"cellular"-field-check-the-behavior-of-the-system)
[Test worker] WARN net.thucydides.core.steps.BaseStepListener - testStarted: Register in the magneto job area, Check the behavior of the system when the option "I accept the treatment, use and storage of my personal data" is checked, and the "Name" field is empty/choucair-job-area;register-in-the-magneto-job-area--check-the-behavior-of-the-system-when-the-option-"i-accept-the-treatment--use-and-storage-of-my-personal-data"-is-checked--and-the-"name"-field-is-empty
[Test worker] INFO net.thucydides.core.steps.ConsoleLoggingListener - 
 _____ _____ ____ _____   ____ _____  _    ____ _____ _____ ____  
|_   _| ____/ ___|_   _| / ___|_   _|/ \  |  _ \_   _| ____|  _ \ 
  | | |  _| \___ \ | |   \___ \ | | / _ \ | |_) || | |  _| | | | |
  | | | |___ ___) || |    ___) || |/ ___ \|  _ < | | | |___| |_| |
  |_| |_____|____/ |_|   |____/ |_/_/   \_\_| \_\|_| |_____|____/ 
                                                                  

TEST STARTED: Register in the magneto job area, Check the behavior of the system when the option "I accept the treatment, use and storage of my personal data" is checked, and the "Name" field is empty
-------------------------------------------------------------------(choucair-job-area;register-in-the-magneto-job-area--check-the-behavior-of-the-system-when-the-option-"i-accept-the-treatment--use-and-storage-of-my-personal-data"-is-checked--and-the-"name"-field-is-empty)
[Test worker] WARN net.thucydides.core.steps.BaseStepListener - testStarted: Register in the magneto job area, Check the behavior of the system when all the fields of the form are empty/choucair-job-area;register-in-the-magneto-job-area--check-the-behavior-of-the-system-when-all-the-fields-of-the-form-are-empty
[Test worker] INFO net.thucydides.core.steps.ConsoleLoggingListener - 
 _____ _____ ____ _____   ____ _____  _    ____ _____ _____ ____  
|_   _| ____/ ___|_   _| / ___|_   _|/ \  |  _ \_   _| ____|  _ \ 
  | | |  _| \___ \ | |   \___ \ | | / _ \ | |_) || | |  _| | | | |
  | | | |___ ___) || |    ___) || |/ ___ \|  _ < | | | |___| |_| |
  |_| |_____|____/ |_|   |____/ |_/_/   \_\_| \_\|_| |_____|____/ 
                                                                  

TEST STARTED: Register in the magneto job area, Check the behavior of the system when all the fields of the form are empty
-------------------------------------------------------------------(choucair-job-area;register-in-the-magneto-job-area--check-the-behavior-of-the-system-when-all-the-fields-of-the-form-are-empty)
[pool-2-thread-2] INFO net.thucydides.core.requirements.PackageRequirementsTagProvider - Loading requirements from package requirements at: net.thucydides.showcase.cucumber.junit
[pool-2-thread-1] INFO net.thucydides.core.requirements.PackageRequirementsTagProvider - Loading requirements from package requirements at: net.thucydides.showcase.cucumber.junit
[pool-2-thread-4] INFO net.thucydides.core.requirements.PackageRequirementsTagProvider - Loading requirements from package requirements at: net.thucydides.showcase.cucumber.junit
[pool-2-thread-3] INFO net.thucydides.core.requirements.PackageRequirementsTagProvider - Loading requirements from package requirements at: net.thucydides.showcase.cucumber.junit
]]></system-err>
</testsuite>
